\BOOKMARK [1][-]{section.1}{1 Procedure of Expectation and Maximization}{}% 1
\BOOKMARK [2][-]{subsection.1.1}{1.1 Expectation Procedure}{section.1}% 2
\BOOKMARK [2][-]{subsection.1.2}{1.2 Maximization Procedure}{section.1}% 3
\BOOKMARK [1][-]{section.2}{2 Random Starts and Number Determination}{}% 4
\BOOKMARK [2][-]{subsection.2.1}{2.1 Cluster Number Determination}{section.2}% 5
\BOOKMARK [2][-]{subsection.2.2}{2.2 Restart Criteria}{section.2}% 6
\BOOKMARK [1][-]{section.3}{3 Initialization of Cluster Centers}{}% 7
\BOOKMARK [1][-]{section.4}{4 Termination Criteria on EM Algorithm}{}% 8
\BOOKMARK [1][-]{section.5}{5 Data File Generation}{}% 9
\BOOKMARK [2][-]{subsection.5.1}{5.1 Generated Data Description}{section.5}% 10
\BOOKMARK [2][-]{subsection.5.2}{5.2 Performance of EM Algorithm}{section.5}% 11
\BOOKMARK [2][-]{subsection.5.3}{5.3 Results o f the Extended EM Algorithm}{section.5}% 12
\BOOKMARK [1][-]{section.6}{6 Log-likelihood vs. Iterations}{}% 13
\BOOKMARK [2][-]{subsection.6.1}{6.1 K=2 Log-Likelihood vs. Iteration}{section.6}% 14
\BOOKMARK [2][-]{subsection.6.2}{6.2 K=3 Log-Likelihood vs. Iteration}{section.6}% 15
\BOOKMARK [2][-]{subsection.6.3}{6.3 K=4 Log-Likelihood vs. Iteration}{section.6}% 16
\BOOKMARK [2][-]{subsection.6.4}{6.4 K=5 Log-Likelihood vs. Iteration}{section.6}% 17
\BOOKMARK [2][-]{subsection.6.5}{6.5 K=6 Log-Likelihood vs. Iteration}{section.6}% 18
\BOOKMARK [2][-]{subsection.6.6}{6.6 K=7 Log-Likelihood vs. Iteration}{section.6}% 19
\BOOKMARK [1][-]{section.7}{7 BIC Criteria and its Application}{}% 20
